Performing C SOURCE FILE Test CMAKE_HAVE_LIBC_PTHREAD failed with the following output:
Change Dir: /songfangjing/works/point_cloud_transport_ws/src/video_recorder/cmake-build-debug/CMakeFiles/CMakeTmp

Run Build Command(s):/songfangjing/clion-2021.3.4/bin/ninja/linux/ninja cmTC_c8f65 && [1/2] Building C object CMakeFiles/cmTC_c8f65.dir/src.c.o
[2/2] Linking C executable cmTC_c8f65
FAILED: cmTC_c8f65 
: && /usr/bin/cc  -rdynamic CMakeFiles/cmTC_c8f65.dir/src.c.o -o cmTC_c8f65   && :
CMakeFiles/cmTC_c8f65.dir/src.c.o：在函数‘main’中：
src.c:(.text+0x3e)：对‘pthread_create’未定义的引用
src.c:(.text+0x4a)：对‘pthread_detach’未定义的引用
src.c:(.text+0x56)：对‘pthread_cancel’未定义的引用
src.c:(.text+0x67)：对‘pthread_join’未定义的引用
src.c:(.text+0x7b)：对‘pthread_atfork’未定义的引用
collect2: error: ld returned 1 exit status
ninja: build stopped: subcommand failed.


Source file was:
#include <pthread.h>

static void* test_func(void* data)
{
  return data;
}

int main(void)
{
  pthread_t thread;
  pthread_create(&thread, NULL, test_func, NULL);
  pthread_detach(thread);
  pthread_cancel(thread);
  pthread_join(thread, NULL);
  pthread_atfork(NULL, NULL, NULL);
  pthread_exit(NULL);

  return 0;
}

Determining if the function pthread_create exists in the pthreads failed with the following output:
Change Dir: /songfangjing/works/point_cloud_transport_ws/src/video_recorder/cmake-build-debug/CMakeFiles/CMakeTmp

Run Build Command(s):/songfangjing/clion-2021.3.4/bin/ninja/linux/ninja cmTC_735c3 && [1/2] Building C object CMakeFiles/cmTC_735c3.dir/CheckFunctionExists.c.o
[2/2] Linking C executable cmTC_735c3
FAILED: cmTC_735c3 
: && /usr/bin/cc -DCHECK_FUNCTION_EXISTS=pthread_create -rdynamic CMakeFiles/cmTC_735c3.dir/CheckFunctionExists.c.o -o cmTC_735c3  -lpthreads && :
/usr/bin/ld: 找不到 -lpthreads
collect2: error: ld returned 1 exit status
ninja: build stopped: subcommand failed.



